================================================================================
JobID = 4885565
User = bzkurs49, Account = bzkurs49
Partition = grete:shared, Nodelist = ggpu145
================================================================================
/scratch/usr/bzkurs49/anaconda3/bin/python
/usr/local/cuda-12.0/bin:/scratch/usr/bzkurs49/poetry/bin:/scratch/usr/bzkurs49/poetry/bin:/scratch/usr/bzkurs49/anaconda3/bin:/scratch/usr/bzkurs49/anaconda3/condabin:/usr/share/Modules/bin:/usr/local/bin:/usr/bin:/opt/ddn/ime/bin:/sw/hlrn/bin:/usr/local/slurm/slurm/current/install/bin:/usr/local/slurm/slurm/current/install/sbin:/home/bzkurs49/.local/bin:/home/bzkurs49/bin:/opt/ddn/ime/bin
# conda environments:
#
base                  *  /scratch/usr/bzkurs49/anaconda3
dnlp                     /scratch/usr/bzkurs49/anaconda3/envs/dnlp
pgkpr                    /scratch/usr/bzkurs49/anaconda3/envs/pgkpr

Submitting job with sbatch from directory: /home/bzkurs49/repos/word-alliance
Home directory: /home/bzkurs49
Working directory: /home/bzkurs49/repos/word-alliance
Current node: ggpu145
added http proxy
Python 3.8.17
Collecting environment information...
PyTorch version: 1.8.0
Is debug build: False
CUDA used to build PyTorch: 10.1
ROCM used to build PyTorch: N/A

OS: Rocky Linux 8.7 (Green Obsidian) (x86_64)
GCC version: (GCC) 8.5.0 20210514 (Red Hat 8.5.0-16)
Clang version: Could not collect
CMake version: version 3.20.2

Python version: 3.8 (64-bit runtime)
Is CUDA available: True
CUDA runtime version: Could not collect
GPU models and configuration: GPU 0: NVIDIA A100-SXM4-80GB
Nvidia driver version: 530.30.02
cuDNN version: Could not collect
HIP runtime version: N/A
MIOpen runtime version: N/A

Versions of relevant libraries:
[pip3] numpy==1.24.2
[pip3] torch==1.8.0
[pip3] torchaudio==0.8.0a0+a751e1d
[pip3] torchvision==0.15.1
[conda] blas                      1.0                         mkl  
[conda] cudatoolkit               10.1.243             h6bb024c_0  
[conda] ffmpeg                    4.3                  hf484d3e_0    pytorch
[conda] mkl                       2023.1.0         h6d00ec8_46342  
[conda] mkl-service               2.4.0            py38h5eee18b_1  
[conda] mkl_fft                   1.3.6            py38h417a72b_1  
[conda] mkl_random                1.2.2            py38h417a72b_1  
[conda] numpy                     1.24.3           py38hf6e8229_1  
[conda] numpy-base                1.24.3           py38h060ed82_1  
[conda] pytorch                   1.8.0           py3.8_cuda10.1_cudnn7.6.3_0    pytorch
[conda] torchaudio                0.8.0                      py38    pytorch
[conda] torchvision               0.9.0                py38_cu101    pytorch
nvcc: NVIDIA (R) Cuda compiler driver
Copyright (c) 2005-2023 NVIDIA Corporation
Built on Fri_Jan__6_16:45:21_PST_2023
Cuda compilation tools, release 12.0, V12.0.140
Build cuda_12.0.r12.0/compiler.32267302_0
before the args True
64
after the args True
Loaded 8544 train examples from data/ids-sst-train.csv
Loaded 141498 train examples from data/quora-train.csv
Loaded 6040 train examples from data/sts-train.csv
Loaded 1101 train examples from data/ids-sst-dev.csv
Loaded 20212 train examples from data/quora-dev.csv
Loaded 863 train examples from data/sts-dev.csv
12
13
14
15
16
True
running the train on the cuda
17
inside eval 
Paraphrase detection accuracy: 0.624
Sentiment classification accuracy: 0.147
Semantic Textual Similarity correlation: 0.359
outside eval 
the weighted avg 0.4831741078993972
999999999999999999999
64
save the model to ./models/
model saved
Epoch 0: train loss : 1214970.058, dev paraphrase acc : 0.624, dev sentiment acc : 0.147, dev sts corr : 0.359, Best Metric : 0.483
17
inside eval 
Paraphrase detection accuracy: 0.625
Sentiment classification accuracy: 0.137
Semantic Textual Similarity correlation: 0.407
outside eval 
the weighted avg 0.4879486493321016
999999999999999999999
64
save the model to ./models/
model saved
Epoch 1: train loss : 865506.993, dev paraphrase acc : 0.625, dev sentiment acc : 0.137, dev sts corr : 0.407, Best Metric : 0.488
17
inside eval 
Paraphrase detection accuracy: 0.625
Sentiment classification accuracy: 0.139
Semantic Textual Similarity correlation: 0.427
outside eval 
the weighted avg 0.4918038104765372
999999999999999999999
64
save the model to ./models/
model saved
Epoch 2: train loss : 831933.849, dev paraphrase acc : 0.625, dev sentiment acc : 0.139, dev sts corr : 0.427, Best Metric : 0.492
17
============ Job Information ===================================================
Submitted: 2023-09-01T13:13:05
Started: 2023-09-01T13:13:06
Ended: 2023-09-01T15:13:21
Elapsed: 121 min, Limit: 120 min, Difference: -1 min
CPUs: 4, Nodes: 1
Estimated NPL: ================================================================================
